2023-04-01 23:10:44.085 [restartedMain] INFO c.c.dogmate.DogmateApplication - Starting DogmateApplication using Java 19.0.2 on AREK-OMEN with PID 13696 (C:\Users\bojar\Documents\NAUKA\CODECOOL\DOGMAT-BACK\target\classes started by bojar in C:\Users\bojar\Documents\NAUKA\CODECOOL\DOGMAT-BACK)
2023-04-01 23:10:44.087 [restartedMain] INFO c.c.dogmate.DogmateApplication - No active profile set, falling back to 1 default profile: "default"
2023-04-01 23:10:44.125 [restartedMain] INFO o.s.b.d.e.DevToolsPropertyDefaultsPostProcessor - Devtools property defaults active! Set 'spring.devtools.add-properties' to 'false' to disable
2023-04-01 23:10:44.125 [restartedMain] INFO o.s.b.d.e.DevToolsPropertyDefaultsPostProcessor - For additional web related logging consider setting the 'logging.level.web' property to 'DEBUG'
2023-04-01 23:10:44.756 [restartedMain] INFO o.s.d.r.c.RepositoryConfigurationDelegate - Bootstrapping Spring Data JPA repositories in DEFAULT mode.
2023-04-01 23:10:44.836 [restartedMain] INFO o.s.d.r.c.RepositoryConfigurationDelegate - Finished Spring Data repository scanning in 74 ms. Found 14 JPA repository interfaces.
2023-04-01 23:10:45.293 [restartedMain] INFO o.s.b.w.e.tomcat.TomcatWebServer - Tomcat initialized with port(s): 9090 (http)
2023-04-01 23:10:45.300 [restartedMain] INFO o.a.catalina.core.StandardService - Starting service [Tomcat]
2023-04-01 23:10:45.301 [restartedMain] INFO o.a.catalina.core.StandardEngine - Starting Servlet engine: [Apache Tomcat/9.0.71]
2023-04-01 23:10:45.363 [restartedMain] INFO o.a.c.c.C.[Tomcat].[localhost].[/] - Initializing Spring embedded WebApplicationContext
2023-04-01 23:10:45.363 [restartedMain] INFO o.s.b.w.s.c.ServletWebServerApplicationContext - Root WebApplicationContext: initialization completed in 1230 ms
2023-04-01 23:10:45.476 [restartedMain] INFO o.h.jpa.internal.util.LogHelper - HHH000204: Processing PersistenceUnitInfo [name: default]
2023-04-01 23:10:45.517 [restartedMain] INFO org.hibernate.Version - HHH000412: Hibernate ORM core version 5.6.15.Final
2023-04-01 23:10:45.640 [restartedMain] INFO o.h.annotations.common.Version - HCANN000001: Hibernate Commons Annotations {5.1.2.Final}
2023-04-01 23:10:45.716 [restartedMain] INFO com.zaxxer.hikari.HikariDataSource - HikariPool-1 - Starting...
2023-04-01 23:10:45.881 [restartedMain] INFO com.zaxxer.hikari.HikariDataSource - HikariPool-1 - Start completed.
2023-04-01 23:10:45.895 [restartedMain] INFO org.hibernate.dialect.Dialect - HHH000400: Using dialect: org.hibernate.dialect.PostgreSQL94Dialect
2023-04-01 23:10:47.473 [restartedMain] INFO o.h.e.t.j.p.i.JtaPlatformInitiator - HHH000490: Using JtaPlatform implementation: [org.hibernate.engine.transaction.jta.platform.internal.NoJtaPlatform]
2023-04-01 23:10:47.483 [restartedMain] INFO o.s.o.j.LocalContainerEntityManagerFactoryBean - Initialized JPA EntityManagerFactory for persistence unit 'default'
2023-04-01 23:10:48.189 [restartedMain] WARN o.s.b.a.o.j.JpaBaseConfiguration$JpaWebConfiguration - spring.jpa.open-in-view is enabled by default. Therefore, database queries may be performed during view rendering. Explicitly configure spring.jpa.open-in-view to disable this warning
2023-04-01 23:10:48.762 [restartedMain] INFO o.s.b.d.a.OptionalLiveReloadServer - LiveReload server is running on port 35729
2023-04-01 23:10:48.796 [restartedMain] INFO o.s.b.w.e.tomcat.TomcatWebServer - Tomcat started on port(s): 9090 (http) with context path ''
2023-04-01 23:10:48.806 [restartedMain] INFO c.c.dogmate.DogmateApplication - Started DogmateApplication in 5.017 seconds (JVM running for 5.718)
2023-04-01 23:11:01.742 [SpringApplicationShutdownHook] INFO o.s.o.j.LocalContainerEntityManagerFactoryBean - Closing JPA EntityManagerFactory for persistence unit 'default'
2023-04-01 23:11:01.745 [SpringApplicationShutdownHook] INFO com.zaxxer.hikari.HikariDataSource - HikariPool-1 - Shutdown initiated...
2023-04-01 23:11:01.748 [SpringApplicationShutdownHook] INFO com.zaxxer.hikari.HikariDataSource - HikariPool-1 - Shutdown completed.
2023-04-01 23:11:04.709 [restartedMain] INFO c.c.dogmate.DogmateApplication - Starting DogmateApplication using Java 19.0.2 on AREK-OMEN with PID 18956 (C:\Users\bojar\Documents\NAUKA\CODECOOL\DOGMAT-BACK\target\classes started by bojar in C:\Users\bojar\Documents\NAUKA\CODECOOL\DOGMAT-BACK)
2023-04-01 23:11:04.711 [restartedMain] INFO c.c.dogmate.DogmateApplication - No active profile set, falling back to 1 default profile: "default"
2023-04-01 23:11:04.747 [restartedMain] INFO o.s.b.d.e.DevToolsPropertyDefaultsPostProcessor - Devtools property defaults active! Set 'spring.devtools.add-properties' to 'false' to disable
2023-04-01 23:11:04.747 [restartedMain] INFO o.s.b.d.e.DevToolsPropertyDefaultsPostProcessor - For additional web related logging consider setting the 'logging.level.web' property to 'DEBUG'
2023-04-01 23:11:05.367 [restartedMain] INFO o.s.d.r.c.RepositoryConfigurationDelegate - Bootstrapping Spring Data JPA repositories in DEFAULT mode.
2023-04-01 23:11:05.449 [restartedMain] INFO o.s.d.r.c.RepositoryConfigurationDelegate - Finished Spring Data repository scanning in 75 ms. Found 14 JPA repository interfaces.
2023-04-01 23:11:05.903 [restartedMain] INFO o.s.b.w.e.tomcat.TomcatWebServer - Tomcat initialized with port(s): 9090 (http)
2023-04-01 23:11:05.911 [restartedMain] INFO o.a.catalina.core.StandardService - Starting service [Tomcat]
2023-04-01 23:11:05.912 [restartedMain] INFO o.a.catalina.core.StandardEngine - Starting Servlet engine: [Apache Tomcat/9.0.71]
2023-04-01 23:11:05.979 [restartedMain] INFO o.a.c.c.C.[Tomcat].[localhost].[/] - Initializing Spring embedded WebApplicationContext
2023-04-01 23:11:05.979 [restartedMain] INFO o.s.b.w.s.c.ServletWebServerApplicationContext - Root WebApplicationContext: initialization completed in 1232 ms
2023-04-01 23:11:06.090 [restartedMain] INFO o.h.jpa.internal.util.LogHelper - HHH000204: Processing PersistenceUnitInfo [name: default]
2023-04-01 23:11:06.128 [restartedMain] INFO org.hibernate.Version - HHH000412: Hibernate ORM core version 5.6.15.Final
2023-04-01 23:11:06.250 [restartedMain] INFO o.h.annotations.common.Version - HCANN000001: Hibernate Commons Annotations {5.1.2.Final}
2023-04-01 23:11:06.324 [restartedMain] INFO com.zaxxer.hikari.HikariDataSource - HikariPool-1 - Starting...
2023-04-01 23:11:06.490 [restartedMain] INFO com.zaxxer.hikari.HikariDataSource - HikariPool-1 - Start completed.
2023-04-01 23:11:06.503 [restartedMain] INFO org.hibernate.dialect.Dialect - HHH000400: Using dialect: org.hibernate.dialect.PostgreSQL94Dialect
2023-04-01 23:11:08.046 [restartedMain] INFO o.h.e.t.j.p.i.JtaPlatformInitiator - HHH000490: Using JtaPlatform implementation: [org.hibernate.engine.transaction.jta.platform.internal.NoJtaPlatform]
2023-04-01 23:11:08.055 [restartedMain] INFO o.s.o.j.LocalContainerEntityManagerFactoryBean - Initialized JPA EntityManagerFactory for persistence unit 'default'
2023-04-01 23:11:08.754 [restartedMain] WARN o.s.b.a.o.j.JpaBaseConfiguration$JpaWebConfiguration - spring.jpa.open-in-view is enabled by default. Therefore, database queries may be performed during view rendering. Explicitly configure spring.jpa.open-in-view to disable this warning
2023-04-01 23:11:09.329 [restartedMain] INFO o.s.b.d.a.OptionalLiveReloadServer - LiveReload server is running on port 35729
2023-04-01 23:11:09.361 [restartedMain] INFO o.s.b.w.e.tomcat.TomcatWebServer - Tomcat started on port(s): 9090 (http) with context path ''
2023-04-01 23:11:09.371 [restartedMain] INFO c.c.dogmate.DogmateApplication - Started DogmateApplication in 4.956 seconds (JVM running for 5.732)
2023-04-01 23:13:11.550 [SpringApplicationShutdownHook] INFO o.s.o.j.LocalContainerEntityManagerFactoryBean - Closing JPA EntityManagerFactory for persistence unit 'default'
2023-04-01 23:13:11.553 [SpringApplicationShutdownHook] INFO com.zaxxer.hikari.HikariDataSource - HikariPool-1 - Shutdown initiated...
2023-04-01 23:13:11.555 [SpringApplicationShutdownHook] INFO com.zaxxer.hikari.HikariDataSource - HikariPool-1 - Shutdown completed.
2023-04-01 23:13:16.833 [restartedMain] INFO c.c.dogmate.DogmateApplication - Starting DogmateApplication using Java 19.0.2 on AREK-OMEN with PID 23840 (C:\Users\bojar\Documents\NAUKA\CODECOOL\DOGMAT-BACK\target\classes started by bojar in C:\Users\bojar\Documents\NAUKA\CODECOOL\DOGMAT-BACK)
2023-04-01 23:13:16.835 [restartedMain] INFO c.c.dogmate.DogmateApplication - No active profile set, falling back to 1 default profile: "default"
2023-04-01 23:13:16.870 [restartedMain] INFO o.s.b.d.e.DevToolsPropertyDefaultsPostProcessor - Devtools property defaults active! Set 'spring.devtools.add-properties' to 'false' to disable
2023-04-01 23:13:16.871 [restartedMain] INFO o.s.b.d.e.DevToolsPropertyDefaultsPostProcessor - For additional web related logging consider setting the 'logging.level.web' property to 'DEBUG'
2023-04-01 23:13:17.533 [restartedMain] INFO o.s.d.r.c.RepositoryConfigurationDelegate - Bootstrapping Spring Data JPA repositories in DEFAULT mode.
2023-04-01 23:13:17.614 [restartedMain] INFO o.s.d.r.c.RepositoryConfigurationDelegate - Finished Spring Data repository scanning in 75 ms. Found 14 JPA repository interfaces.
2023-04-01 23:13:18.083 [restartedMain] INFO o.s.b.w.e.tomcat.TomcatWebServer - Tomcat initialized with port(s): 9090 (http)
2023-04-01 23:13:18.090 [restartedMain] INFO o.a.catalina.core.StandardService - Starting service [Tomcat]
2023-04-01 23:13:18.090 [restartedMain] INFO o.a.catalina.core.StandardEngine - Starting Servlet engine: [Apache Tomcat/9.0.71]
2023-04-01 23:13:18.154 [restartedMain] INFO o.a.c.c.C.[Tomcat].[localhost].[/] - Initializing Spring embedded WebApplicationContext
2023-04-01 23:13:18.154 [restartedMain] INFO o.s.b.w.s.c.ServletWebServerApplicationContext - Root WebApplicationContext: initialization completed in 1283 ms
2023-04-01 23:13:18.268 [restartedMain] INFO o.h.jpa.internal.util.LogHelper - HHH000204: Processing PersistenceUnitInfo [name: default]
2023-04-01 23:13:18.305 [restartedMain] INFO org.hibernate.Version - HHH000412: Hibernate ORM core version 5.6.15.Final
2023-04-01 23:13:18.432 [restartedMain] INFO o.h.annotations.common.Version - HCANN000001: Hibernate Commons Annotations {5.1.2.Final}
2023-04-01 23:13:18.506 [restartedMain] INFO com.zaxxer.hikari.HikariDataSource - HikariPool-1 - Starting...
2023-04-01 23:13:18.671 [restartedMain] INFO com.zaxxer.hikari.HikariDataSource - HikariPool-1 - Start completed.
2023-04-01 23:13:18.685 [restartedMain] INFO org.hibernate.dialect.Dialect - HHH000400: Using dialect: org.hibernate.dialect.PostgreSQL94Dialect
2023-04-01 23:13:20.082 [restartedMain] INFO o.h.e.t.j.p.i.JtaPlatformInitiator - HHH000490: Using JtaPlatform implementation: [org.hibernate.engine.transaction.jta.platform.internal.NoJtaPlatform]
2023-04-01 23:13:20.092 [restartedMain] INFO o.s.o.j.LocalContainerEntityManagerFactoryBean - Initialized JPA EntityManagerFactory for persistence unit 'default'
2023-04-01 23:13:20.790 [restartedMain] WARN o.s.b.a.o.j.JpaBaseConfiguration$JpaWebConfiguration - spring.jpa.open-in-view is enabled by default. Therefore, database queries may be performed during view rendering. Explicitly configure spring.jpa.open-in-view to disable this warning
2023-04-01 23:13:21.389 [restartedMain] INFO o.s.b.d.a.OptionalLiveReloadServer - LiveReload server is running on port 35729
2023-04-01 23:13:21.423 [restartedMain] INFO o.s.b.w.e.tomcat.TomcatWebServer - Tomcat started on port(s): 9090 (http) with context path ''
2023-04-01 23:13:21.434 [restartedMain] INFO c.c.dogmate.DogmateApplication - Started DogmateApplication in 4.897 seconds (JVM running for 5.741)
2023-04-01 23:13:51.855 [http-nio-9090-exec-4] INFO o.a.c.c.C.[Tomcat].[localhost].[/] - Initializing Spring DispatcherServlet 'dispatcherServlet'
2023-04-01 23:13:51.855 [http-nio-9090-exec-4] INFO o.s.web.servlet.DispatcherServlet - Initializing Servlet 'dispatcherServlet'
2023-04-01 23:13:51.856 [http-nio-9090-exec-4] INFO o.s.web.servlet.DispatcherServlet - Completed initialization in 1 ms
2023-04-01 23:14:22.156 [http-nio-9090-exec-5] WARN o.s.w.s.m.m.a.ExceptionHandlerExceptionResolver - Resolved [org.springframework.web.bind.MethodArgumentNotValidException: Validation failed for argument [0] in public com.codecool.dogmate.dto.breed.BreedDto com.codecool.dogmate.controller.BreedsController.newBreed(com.codecool.dogmate.dto.breed.NewBreedDto): [Field error in object 'newBreedDto' on field 'animalType': rejected value [null]; codes [NotNull.newBreedDto.animalType,NotNull.animalType,NotNull.java.lang.Integer,NotNull]; arguments [org.springframework.context.support.DefaultMessageSourceResolvable: codes [newBreedDto.animalType,animalType]; arguments []; default message [animalType]]; default message [Nie wybrałeś typu zwierzęcia]] ]
2023-04-01 23:14:25.025 [http-nio-9090-exec-6] WARN o.s.w.s.m.m.a.ExceptionHandlerExceptionResolver - Resolved [org.springframework.web.bind.MethodArgumentNotValidException: Validation failed for argument [0] in public com.codecool.dogmate.dto.breed.BreedDto com.codecool.dogmate.controller.BreedsController.newBreed(com.codecool.dogmate.dto.breed.NewBreedDto): [Field error in object 'newBreedDto' on field 'animalType': rejected value [null]; codes [NotNull.newBreedDto.animalType,NotNull.animalType,NotNull.java.lang.Integer,NotNull]; arguments [org.springframework.context.support.DefaultMessageSourceResolvable: codes [newBreedDto.animalType,animalType]; arguments []; default message [animalType]]; default message [Nie wybrałeś typu zwierzęcia]] ]
